<?xml version="1.0" encoding="UTF-8"?>
<!-- Generated by org.testng.reporters.JUnitXMLReporter -->
<testsuite hostname="user" ignored="0" name="Default test" tests="3" failures="0" timestamp="16 May 2018 04:01:42 GMT" time="116.977" errors="0">
  <testcase name="verifyTitleTest" time="0.031" classname="com.qa.tests.HotelPageTest"/>
  <testcase name="verifyLogoTest" time="0.111" classname="com.qa.tests.HotelPageTest"/>
  <testcase name="shouldBeAbleToSearchForHotelsTest" time="8.657" classname="com.qa.tests.HotelPageTest"/>
</testsuite> <!-- Default test -->
