<?xml version="1.0" encoding="UTF-8"?>
<!-- Generated by org.testng.reporters.JUnitXMLReporter -->
<testsuite hostname="user" ignored="0" name="Test" tests="9" failures="0" timestamp="16 May 2018 04:59:18 GMT" time="190.927" errors="0">
  <testcase name="verifyTitleTest" time="0.032" classname="com.qa.tests.FlightBookingTest"/>
  <testcase name="verifyTitleTest" time="0.036" classname="com.qa.tests.HotelBookingTest"/>
  <testcase name="verifyTitleTest" time="0.04" classname="com.qa.tests.SignInTest"/>
  <testcase name="verifyLogoTest" time="0.152" classname="com.qa.tests.FlightBookingTest"/>
  <testcase name="verifyLogoTest" time="0.139" classname="com.qa.tests.HotelBookingTest"/>
  <testcase name="verifyLogoTest" time="0.12" classname="com.qa.tests.SignInTest"/>
  <testcase name="testThatResultsAppearForAOneWayJourneyTest" time="5.998" classname="com.qa.tests.FlightBookingTest"/>
  <testcase name="shouldBeAbleToSearchForHotelsTest" time="10.99" classname="com.qa.tests.HotelBookingTest"/>
  <testcase name="shouldThrowAnErrorIfSignInDetailsAreMissingTest" time="3.0" classname="com.qa.tests.SignInTest"/>
</testsuite> <!-- Test -->
